<?xml version="1.0" encoding="UTF-8"?>
<!-- Generated by org.testng.reporters.JUnitXMLReporter -->
<testsuite ignored="0" hostname="LAPTOP-DM9OLIUL" failures="0" tests="2" name="Default test" time="0.108" errors="0" timestamp="2022-05-22T16:10:09 IST">
  <testcase classname="actitimeheader.Verifyactitime" name="@BeforeTest launchbrowser" time="-1.653216008849E9">
    <failure type="org.testng.TestNGException" message="
Parameter &amp;apos;browser&amp;apos; is required by BeforeTest on method launchbrowser but has not been marked @Optional or defined
in C:\Users\HP\AppData\Local\Temp\testng-eclipse--990227205\testng-customsuite.xml">
      <![CDATA[org.testng.TestNGException: 
Parameter 'browser' is required by BeforeTest on method launchbrowser but has not been marked @Optional or defined
in C:\Users\HP\AppData\Local\Temp\testng-eclipse--990227205\testng-customsuite.xml
at org.testng.internal.Parameters.createParams(Parameters.java:270)
at org.testng.internal.Parameters.createParametersForMethod(Parameters.java:358)
at org.testng.internal.Parameters.createParameters(Parameters.java:700)
at org.testng.internal.Parameters.createConfigurationParameters(Parameters.java:168)
at org.testng.internal.ConfigInvoker.invokeConfigurations(ConfigInvoker.java:302)
at org.testng.TestRunner.invokeTestConfigurations(TestRunner.java:637)
at org.testng.TestRunner.beforeRun(TestRunner.java:627)
at org.testng.TestRunner.run(TestRunner.java:589)
at org.testng.SuiteRunner.runTest(SuiteRunner.java:377)
at org.testng.SuiteRunner.runSequentially(SuiteRunner.java:371)
at org.testng.SuiteRunner.privateRun(SuiteRunner.java:332)
at org.testng.SuiteRunner.run(SuiteRunner.java:276)
at org.testng.SuiteRunnerWorker.runSuite(SuiteRunnerWorker.java:53)
at org.testng.SuiteRunnerWorker.run(SuiteRunnerWorker.java:96)
at org.testng.TestNG.runSuitesSequentially(TestNG.java:1212)
at org.testng.TestNG.runSuitesLocally(TestNG.java:1134)
at org.testng.TestNG.runSuites(TestNG.java:1063)
at org.testng.TestNG.run(TestNG.java:1031)
at org.testng.remote.AbstractRemoteTestNG.run(AbstractRemoteTestNG.java:115)
at org.testng.remote.RemoteTestNG.initAndRun(RemoteTestNG.java:251)
at org.testng.remote.RemoteTestNG.main(RemoteTestNG.java:77)
]]>
    </failure>
  </testcase> <!-- @BeforeTest launchbrowser -->
  <testcase classname="actitimeheader.Verifyactitime" name="@BeforeClass launchBrowser" time="-1.653216008894E9">
    <skipped/>
  </testcase> <!-- @BeforeClass launchBrowser -->
  <testcase classname="actitimeheader.Verifyactitime" name="@BeforeMethod logintoapplication" time="-1.653216008918E9">
    <skipped/>
  </testcase> <!-- @BeforeMethod logintoapplication -->
  <testcase classname="actitimeheader.Verifyactitime" name="@AfterMethod logoutapplication" time="-1.653216008929E9">
    <skipped/>
  </testcase> <!-- @AfterMethod logoutapplication -->
  <testcase classname="actitimeheader.Verifyactitime" name="@BeforeMethod logintoapplication" time="-1.653216008932E9">
    <skipped/>
  </testcase> <!-- @BeforeMethod logintoapplication -->
  <testcase classname="actitimeheader.Verifyactitime" name="@AfterMethod logoutapplication" time="-1.653216008939E9">
    <skipped/>
  </testcase> <!-- @AfterMethod logoutapplication -->
  <testcase classname="actitimeheader.Verifyactitime" name="@AfterClass clearPOMobject" time="-1.653216008942E9">
    <skipped/>
  </testcase> <!-- @AfterClass clearPOMobject -->
  <testcase classname="actitimeheader.Verifyactitime" name="@AfterClass closebrowser" time="-1.653216008944E9">
    <skipped/>
  </testcase> <!-- @AfterClass closebrowser -->
  <testcase classname="actitimeheader.Verifyactitime" name="verifyTasktab" time="0.0">
    <skipped/>
  </testcase> <!-- verifyTasktab -->
  <testcase classname="actitimeheader.Verifyactitime" name="verifyreporttab" time="0.0">
    <skipped/>
  </testcase> <!-- verifyreporttab -->
</testsuite> <!-- Default test -->
