<?xml version="1.0" encoding="UTF-8"?>
<!-- Generated by org.testng.reporters.JUnitXMLReporter -->
<testsuite ignored="0" hostname="LAPTOP-DM9OLIUL" failures="0" tests="5" name="FireboxBrowser" time="0.057" errors="0" timestamp="2022-05-21T15:15:52 IST">
  <testcase classname="actitimeheader.Verifyactitime" name="@BeforeTest launchbrowser" time="0.022">
    <failure type="org.openqa.selenium.WebDriverException" message="Cannot find firefox binary in PATH. Make sure firefox is installed. OS appears to be: XP
Build info: version: &amp;apos;3.141.59&amp;apos;, revision: &amp;apos;e82be7d358&amp;apos;, time: &amp;apos;2018-11-14T08:17:03&amp;apos;
System info: host: &amp;apos;LAPTOP-DM9OLIUL&amp;apos;, ip: &amp;apos;192.168.43.241&amp;apos;, os.name: &amp;apos;Windows 11&amp;apos;, os.arch: &amp;apos;amd64&amp;apos;, os.version: &amp;apos;10.0&amp;apos;, java.version: &amp;apos;17.0.2&amp;apos;
Driver info: driver.version: FirefoxDriver">
      <![CDATA[org.openqa.selenium.WebDriverException: Cannot find firefox binary in PATH. Make sure firefox is installed. OS appears to be: XP
Build info: version: '3.141.59', revision: 'e82be7d358', time: '2018-11-14T08:17:03'
System info: host: 'LAPTOP-DM9OLIUL', ip: '192.168.43.241', os.name: 'Windows 11', os.arch: 'amd64', os.version: '10.0', java.version: '17.0.2'
Driver info: driver.version: FirefoxDriver
at org.openqa.selenium.firefox.FirefoxBinary.<init>(FirefoxBinary.java:100)
at java.base/java.util.Optional.orElseGet(Optional.java:364)
at org.openqa.selenium.firefox.FirefoxOptions.getBinary(FirefoxOptions.java:216)
at org.openqa.selenium.firefox.FirefoxDriver.toExecutor(FirefoxDriver.java:187)
at org.openqa.selenium.firefox.FirefoxDriver.<init>(FirefoxDriver.java:147)
at org.openqa.selenium.firefox.FirefoxDriver.<init>(FirefoxDriver.java:125)
at browsersetting.Base.openFirefoxBrowser(Base.java:16)
at actitimeheader.Verifyactitime.launchbrowser(Verifyactitime.java:32)
... Removed 24 stack frames]]>
    </failure>
  </testcase> <!-- @BeforeTest launchbrowser -->
  <testcase classname="actitimeheader.Verifyactitime" name="@BeforeClass launchBrowser" time="-1.653126352269E9">
    <skipped/>
  </testcase> <!-- @BeforeClass launchBrowser -->
  <testcase classname="actitimeheader.Verifyactitime" name="@BeforeMethod logintoapplication" time="-1.653126352272E9">
    <skipped/>
  </testcase> <!-- @BeforeMethod logintoapplication -->
  <testcase classname="actitimeheader.Verifyactitime" name="@AfterMethod logoutapplication" time="-1.653126352278E9">
    <skipped/>
  </testcase> <!-- @AfterMethod logoutapplication -->
  <testcase classname="actitimeheader.Verifyactitime" name="@BeforeMethod logintoapplication" time="-1.653126352281E9">
    <skipped/>
  </testcase> <!-- @BeforeMethod logintoapplication -->
  <testcase classname="actitimeheader.Verifyactitime" name="@AfterMethod logoutapplication" time="-1.653126352285E9">
    <skipped/>
  </testcase> <!-- @AfterMethod logoutapplication -->
  <testcase classname="actitimeheader.Verifyactitime" name="@AfterClass clearPOMobject" time="-1.653126352286E9">
    <skipped/>
  </testcase> <!-- @AfterClass clearPOMobject -->
  <testcase classname="actitimeheader.Verifyactitime" name="@AfterClass closebrowser" time="-1.653126352288E9">
    <skipped/>
  </testcase> <!-- @AfterClass closebrowser -->
  <testcase classname="actitimeheader.TestClassactitime$TestClass" name="testA" time="0.001"/>
  <testcase classname="actitimeheader.TestClassactitime$TestClass" name="testC" time="0.001"/>
  <testcase classname="actitimeheader.Verifyactitime" name="verifyTasktab" time="0.0">
    <skipped/>
  </testcase> <!-- verifyTasktab -->
  <testcase classname="actitimeheader.Verifyactitime" name="verifyreporttab" time="0.0">
    <skipped/>
  </testcase> <!-- verifyreporttab -->
  <testcase classname="actitimeheader.TestClassactitime$TestClass" name="testB" time="0.001"/>
</testsuite> <!-- FireboxBrowser -->
